<?xml version="1.0" encoding="UTF-8" ?>
<testsuite tests="1" failures="0" name="cloud.consumer.web.test.usercase.SofaRestServiceTest" time="55.544" errors="1" skipped="0">
  <properties>
    <property name="java.vendor" value="Oracle Corporation"/>
    <property name="localRepository" value="/Users/yuanshaopeng/.m2/repository"/>
    <property name="sun.java.launcher" value="SUN_STANDARD"/>
    <property name="catalina.base" value="/private/var/folders/7s/swzxftzn49ncvx9_cc3cy9780000gp/T/tomcat.915707030193663098.8090"/>
    <property name="sun.management.compiler" value="HotSpot 64-Bit Tiered Compilers"/>
    <property name="catalina.useNaming" value="false"/>
    <property name="os.name" value="Mac OS X"/>
    <property name="sun.boot.class.path" value="/Library/Java/JavaVirtualMachines/jdk1.8.0_181.jdk/Contents/Home/jre/lib/resources.jar:/Library/Java/JavaVirtualMachines/jdk1.8.0_181.jdk/Contents/Home/jre/lib/rt.jar:/Library/Java/JavaVirtualMachines/jdk1.8.0_181.jdk/Contents/Home/jre/lib/sunrsasign.jar:/Library/Java/JavaVirtualMachines/jdk1.8.0_181.jdk/Contents/Home/jre/lib/jsse.jar:/Library/Java/JavaVirtualMachines/jdk1.8.0_181.jdk/Contents/Home/jre/lib/jce.jar:/Library/Java/JavaVirtualMachines/jdk1.8.0_181.jdk/Contents/Home/jre/lib/charsets.jar:/Library/Java/JavaVirtualMachines/jdk1.8.0_181.jdk/Contents/Home/jre/lib/jfr.jar:/Library/Java/JavaVirtualMachines/jdk1.8.0_181.jdk/Contents/Home/jre/classes"/>
    <property name="java.vm.specification.vendor" value="Oracle Corporation"/>
    <property name="java.runtime.version" value="1.8.0_181-b13"/>
    <property name="com.antcloud.antvip.endpoint" value="100.103.1.174"/>
    <property name="local" value="local:/Users/yuanshaopeng/localFileRegistry/localRegistry.reg"/>
    <property name="user.name" value="yuanshaopeng"/>
    <property name="run_mode" value="DEV"/>
    <property name="user.language" value="zh"/>
    <property name="idea.version" value="2018.2"/>
    <property name="sun.boot.library.path" value="/Library/Java/JavaVirtualMachines/jdk1.8.0_181.jdk/Contents/Home/jre/lib"/>
    <property name="default.registry" value="local"/>
    <property name="PID" value="8617"/>
    <property name="java.version" value="1.8.0_181"/>
    <property name="user.timezone" value="Asia/Shanghai"/>
    <property name="sun.arch.data.model" value="64"/>
    <property name="java.endorsed.dirs" value="/Library/Java/JavaVirtualMachines/jdk1.8.0_181.jdk/Contents/Home/jre/lib/endorsed"/>
    <property name="sun.cpu.isalist" value=""/>
    <property name="sun.jnu.encoding" value="UTF-8"/>
    <property name="file.encoding.pkg" value="sun.io"/>
    <property name="file.separator" value="/"/>
    <property name="java.specification.name" value="Java Platform API Specification"/>
    <property name="java.class.version" value="52.0"/>
    <property name="user.country" value="CN"/>
    <property name="LOG_FILE" value="./logs/spring.log"/>
    <property name="java.home" value="/Library/Java/JavaVirtualMachines/jdk1.8.0_181.jdk/Contents/Home/jre"/>
    <property name="java.vm.info" value="mixed mode"/>
    <property name="os.version" value="10.14"/>
    <property name="sofarouter" value="false"/>
    <property name="surefire.real.class.path" value="/Users/yuanshaopeng/Project/sofa-practice-code/sofa-rpc/xingye-sofa-rpc-consumer-parent/app/web/target/surefire/surefirebooter4433261808174185863.jar"/>
    <property name="path.separator" value=":"/>
    <property name="com.alipay.env" value="shared"/>
    <property name="java.vm.version" value="25.181-b13"/>
    <property name="com.antcloud.mw.access" value="uPxHLxsMmstcQCNWEh"/>
    <property name="org.jboss.logging.provider" value="slf4j"/>
    <property name="java.awt.printerjob" value="sun.lwawt.macosx.CPrinterJob"/>
    <property name="sun.io.unicode.encoding" value="UnicodeBig"/>
    <property name="awt.toolkit" value="sun.lwawt.macosx.LWCToolkit"/>
    <property name="user.home" value="/Users/yuanshaopeng"/>
    <property name="LOG_PATH" value="./logs"/>
    <property name="java.specification.vendor" value="Oracle Corporation"/>
    <property name="java.library.path" value="/Users/yuanshaopeng/Library/Java/Extensions:/Library/Java/Extensions:/Network/Library/Java/Extensions:/System/Library/Java/Extensions:/usr/lib/java:."/>
    <property name="java.vendor.url" value="http://java.oracle.com/"/>
    <property name="spring.beaninfo.ignore" value="true"/>
    <property name="java.vm.vendor" value="Oracle Corporation"/>
    <property name="gopherProxySet" value="false"/>
    <property name="java.runtime.name" value="Java(TM) SE Runtime Environment"/>
    <property name="sun.java.command" value="/Users/yuanshaopeng/Project/sofa-practice-code/sofa-rpc/xingye-sofa-rpc-consumer-parent/app/web/target/surefire/surefirebooter4433261808174185863.jar /Users/yuanshaopeng/Project/sofa-practice-code/sofa-rpc/xingye-sofa-rpc-consumer-parent/app/web/target/surefire/surefire6473954491821030464tmp /Users/yuanshaopeng/Project/sofa-practice-code/sofa-rpc/xingye-sofa-rpc-consumer-parent/app/web/target/surefire/surefire2545833891127982499tmp"/>
    <property name="java.class.path" value="/Users/yuanshaopeng/Project/sofa-practice-code/sofa-rpc/xingye-sofa-rpc-consumer-parent/app/web/target/test-classes:/Users/yuanshaopeng/Project/sofa-practice-code/sofa-rpc/xingye-sofa-rpc-consumer-parent/app/web/target/classes:/Users/yuanshaopeng/.m2/repository/cloud/provider/bank-sofa-provider-facade/1.0.0/bank-sofa-provider-facade-1.0.0.jar:/Users/yuanshaopeng/Project/sofa-practice-code/sofa-rpc/xingye-sofa-rpc-consumer-parent/app/endpoint/target/bank-sofa-rpc-consumer-endpoint-1.0.0.jar:/Users/yuanshaopeng/.m2/repository/org/springframework/spring-core/4.3.19.RELEASE/spring-core-4.3.19.RELEASE.jar:/Users/yuanshaopeng/.m2/repository/org/springframework/spring-context/4.3.19.RELEASE/spring-context-4.3.19.RELEASE.jar:/Users/yuanshaopeng/.m2/repository/org/springframework/spring-aop/4.3.19.RELEASE/spring-aop-4.3.19.RELEASE.jar:/Users/yuanshaopeng/.m2/repository/org/springframework/spring-beans/4.3.19.RELEASE/spring-beans-4.3.19.RELEASE.jar:/Users/yuanshaopeng/.m2/repository/org/springframework/spring-expression/4.3.19.RELEASE/spring-expression-4.3.19.RELEASE.jar:/Users/yuanshaopeng/.m2/repository/org/springframework/boot/spring-boot-autoconfigure/1.5.16.RELEASE/spring-boot-autoconfigure-1.5.16.RELEASE.jar:/Users/yuanshaopeng/.m2/repository/com/alipay/sofa/rest-enterprise-sofa-boot-starter/2.5.0/rest-enterprise-sofa-boot-starter-2.5.0.jar:/Users/yuanshaopeng/.m2/repository/com/alipay/sofa/sofarest-core/2.5.0/sofarest-core-2.5.0.jar:/Users/yuanshaopeng/.m2/repository/com/alipay/sofa/runtime-enterprise-sofa-boot-starter/2.5.2/runtime-enterprise-sofa-boot-starter-2.5.2.jar:/Users/yuanshaopeng/.m2/repository/com/alipay/sofa/runtime-sofa-boot-starter/2.5.2/runtime-sofa-boot-starter-2.5.2.jar:/Users/yuanshaopeng/.m2/repository/com/alipay/sofa/middleware-namespaces/2.5.2/middleware-namespaces-2.5.2.jar:/Users/yuanshaopeng/.m2/repository/com/alibaba/toolkit/common/toolkit-common-lang/1.0.1/toolkit-common-lang-1.0.1.jar:/Users/yuanshaopeng/.m2/repository/com/alipay/sofa/sofa-cluster/1.5.0/sofa-cluster-1.5.0.jar:/Users/yuanshaopeng/.m2/repository/com/antcloud/antvip/antcloud-antvip-client/1.0.4/antcloud-antvip-client-1.0.4.jar:/Users/yuanshaopeng/.m2/repository/com/antcloud/antvip/antcloud-antvip-common/1.0.4/antcloud-antvip-common-1.0.4.jar:/Users/yuanshaopeng/.m2/repository/commons-codec/commons-codec/1.4/commons-codec-1.4.jar:/Users/yuanshaopeng/.m2/repository/com/alipay/sofa/cloud/sdk-core/0.1/sdk-core-0.1.jar:/Users/yuanshaopeng/.m2/repository/com/alipay/sofa/lookout/lookout-api/1.5.0/lookout-api-1.5.0.jar:/Users/yuanshaopeng/.m2/repository/com/alipay/common/ambush/1.0.13/ambush-1.0.13.jar:/Users/yuanshaopeng/.m2/repository/com/alipay/configserver/config-common/4.3.2.alipay/config-common-4.3.2.alipay.jar:/Users/yuanshaopeng/.m2/repository/com/taobao/configserver/config-client/4.3.2.alipay/config-client-4.3.2.alipay.jar:/Users/yuanshaopeng/.m2/repository/com/taobao/remoting/network.core/1.2.6/network.core-1.2.6.jar:/Users/yuanshaopeng/.m2/repository/com/taobao/remoting/network.service/1.1.2.alipay/network.service-1.1.2.alipay.jar:/Users/yuanshaopeng/.m2/repository/com/alipay/sofa/hessian/3.3.3/hessian-3.3.3.jar:/Users/yuanshaopeng/.m2/repository/com/alipay/common/tracer/2.2.3/tracer-2.2.3.jar:/Users/yuanshaopeng/.m2/repository/com/alipay/common/tracer-biz/1.2.18/tracer-biz-1.2.18.jar:/Users/yuanshaopeng/.m2/repository/com/alipay/common/tracer-manage/1.0.5/tracer-manage-1.0.5.jar:/Users/yuanshaopeng/.m2/repository/com/alipay/sofa/sofa-rest-spring/1.6.16/sofa-rest-spring-1.6.16.jar:/Users/yuanshaopeng/.m2/repository/com/alipay/rest/jaxrs/sofa-fastjson-provider/1.6.16/sofa-fastjson-provider-1.6.16.jar:/Users/yuanshaopeng/.m2/repository/org/jboss/resteasy/resteasy-jaxrs/3.0.12.Final/resteasy-jaxrs-3.0.12.Final.jar:/Users/yuanshaopeng/.m2/repository/org/jboss/spec/javax/annotation/jboss-annotations-api_1.1_spec/1.0.1.Final/jboss-annotations-api_1.1_spec-1.0.1.Final.jar:/Users/yuanshaopeng/.m2/repository/javax/activation/activation/1.1.1/activation-1.1.1.jar:/Users/yuanshaopeng/.m2/repository/net/jcip/jcip-annotations/1.0/jcip-annotations-1.0.jar:/Users/yuanshaopeng/.m2/repository/net/sourceforge/cglib/com.springsource.net.sf.cglib/2.1.3.alipay/com.springsource.net.sf.cglib-2.1.3.alipay.jar:/Users/yuanshaopeng/.m2/repository/org/jboss/resteasy/resteasy-validator-provider-11/3.0.9.Final/resteasy-validator-provider-11-3.0.9.Final.jar:/Users/yuanshaopeng/.m2/repository/javax/el/javax.el-api/2.2.5/javax.el-api-2.2.5.jar:/Users/yuanshaopeng/.m2/repository/org/glassfish/web/javax.el/2.2.6/javax.el-2.2.6.jar:/Users/yuanshaopeng/.m2/repository/com/alipay/sofa/sofa-rest-log/1.6.16/sofa-rest-log-1.6.16.jar:/Users/yuanshaopeng/.m2/repository/com/alipay/sofa/rest/sofa-value-added-provider/1.6.16/sofa-value-added-provider-1.6.16.jar:/Users/yuanshaopeng/.m2/repository/com/alipay/sofa/sofa-rest-common/1.6.16/sofa-rest-common-1.6.16.jar:/Users/yuanshaopeng/.m2/repository/org/apache/velocity/velocity/1.6.2/velocity-1.6.2.jar:/Users/yuanshaopeng/.m2/repository/commons-collections/commons-collections/3.2.2/commons-collections-3.2.2.jar:/Users/yuanshaopeng/.m2/repository/oro/oro/2.0.8/oro-2.0.8.jar:/Users/yuanshaopeng/.m2/repository/com/alipay/sofa/sofa-rest-spi/1.6.16/sofa-rest-spi-1.6.16.jar:/Users/yuanshaopeng/.m2/repository/com/alipay/sofa/sofa-rest-api/1.6.16/sofa-rest-api-1.6.16.jar:/Users/yuanshaopeng/.m2/repository/javax/ws/rs/javax.ws.rs-api/2.0.1/javax.ws.rs-api-2.0.1.jar:/Users/yuanshaopeng/.m2/repository/com/alipay/sofa/sofa-rest-core/1.6.16/sofa-rest-core-1.6.16.jar:/Users/yuanshaopeng/.m2/repository/org/jboss/resteasy/resteasy-multipart-provider/3.0.12.Final/resteasy-multipart-provider-3.0.12.Final.jar:/Users/yuanshaopeng/.m2/repository/org/jboss/resteasy/resteasy-jaxb-provider/3.0.12.Final/resteasy-jaxb-provider-3.0.12.Final.jar:/Users/yuanshaopeng/.m2/repository/com/sun/xml/bind/jaxb-impl/2.2.7/jaxb-impl-2.2.7.jar:/Users/yuanshaopeng/.m2/repository/com/sun/xml/bind/jaxb-core/2.2.7/jaxb-core-2.2.7.jar:/Users/yuanshaopeng/.m2/repository/javax/xml/bind/jaxb-api/2.2.7/jaxb-api-2.2.7.jar:/Users/yuanshaopeng/.m2/repository/com/sun/istack/istack-commons-runtime/2.16/istack-commons-runtime-2.16.jar:/Users/yuanshaopeng/.m2/repository/com/sun/xml/fastinfoset/FastInfoset/1.2.12/FastInfoset-1.2.12.jar:/Users/yuanshaopeng/.m2/repository/javax/xml/bind/jsr173_api/1.0/jsr173_api-1.0.jar:/Users/yuanshaopeng/.m2/repository/javax/mail/mail/1.5.0-b01/mail-1.5.0-b01.jar:/Users/yuanshaopeng/.m2/repository/org/apache/james/apache-mime4j/0.6/apache-mime4j-0.6.jar:/Users/yuanshaopeng/.m2/repository/com/taobao/logstat/logstat-common/1.0.2/logstat-common-1.0.2.jar:/Users/yuanshaopeng/.m2/repository/org/jboss/resteasy/resteasy-client/3.0.12.Final/resteasy-client-3.0.12.Final.jar:/Users/yuanshaopeng/.m2/repository/com/alipay/sofa/sofa-rest-runtime-integration/1.6.16/sofa-rest-runtime-integration-1.6.16.jar:/Users/yuanshaopeng/.m2/repository/com/alipay/cloudengine/util/ce-util-common/4.11.0/ce-util-common-4.11.0.jar:/Users/yuanshaopeng/.m2/repository/com/alipay/sofa/rpc-enterprise-sofa-boot-starter/2.5.2/rpc-enterprise-sofa-boot-starter-2.5.2.jar:/Users/yuanshaopeng/.m2/repository/com/alipay/sofa/rpc-enterprise-core/2.5.2/rpc-enterprise-core-2.5.2.jar:/Users/yuanshaopeng/.m2/repository/com/alipay/sofa/bolt/1.4.6/bolt-1.4.6.jar:/Users/yuanshaopeng/.m2/repository/org/javassist/javassist/3.19.0-GA/javassist-3.19.0-GA.jar:/Users/yuanshaopeng/.m2/repository/io/netty/netty-all/4.1.6.Final/netty-all-4.1.6.Final.jar:/Users/yuanshaopeng/.m2/repository/com/google/inject/guice/3.0/guice-3.0.jar:/Users/yuanshaopeng/.m2/repository/javax/inject/javax.inject/1/javax.inject-1.jar:/Users/yuanshaopeng/.m2/repository/aopalliance/aopalliance/1.0/aopalliance-1.0.jar:/Users/yuanshaopeng/.m2/repository/com/google/inject/extensions/guice-multibindings/3.0/guice-multibindings-3.0.jar:/Users/yuanshaopeng/.m2/repository/com/alipay/antvip/antvip-client/1.0.9/antvip-client-1.0.9.jar:/Users/yuanshaopeng/.m2/repository/com/alipay/antvip/antvip-common/1.0.9/antvip-common-1.0.9.jar:/Users/yuanshaopeng/.m2/repository/com/alipay/sofa/sofa-rpc-enterprise-all/5.4.4/sofa-rpc-enterprise-all-5.4.4.jar:/Users/yuanshaopeng/.m2/repository/com/alipay/sofa/sofa-rpc-all/5.4.7/sofa-rpc-all-5.4.7.jar:/Users/yuanshaopeng/.m2/repository/com/alipay/sofa/sofa-security-util/1.0.2/sofa-security-util-1.0.2.jar:/Users/yuanshaopeng/.m2/repository/com/alipay/security/alipay-security-open/0.0.4/alipay-security-open-0.0.4.jar:/Users/yuanshaopeng/.m2/repository/commons-fileupload/commons-fileupload/1.3.3/commons-fileupload-1.3.3.jar:/Users/yuanshaopeng/.m2/repository/commons-pool/commons-pool/1.3/commons-pool-1.3.jar:/Users/yuanshaopeng/.m2/repository/com/alipay/sofa/registry-client-enterprise-all/5.1.1/registry-client-enterprise-all-5.1.1.jar:/Users/yuanshaopeng/.m2/repository/com/alipay/sofa/registry-client-all/5.1.1/registry-client-all-5.1.1.jar:/Users/yuanshaopeng/.m2/repository/com/taobao/logstat/logstat-client/1.0.2.bugfix/logstat-client-1.0.2.bugfix.jar:/Users/yuanshaopeng/.m2/repository/org/apache/mina/mina-core/1.1.5.bugfix/mina-core-1.1.5.bugfix.jar:/Users/yuanshaopeng/.m2/repository/com/alipay/sofa/rpc-sofa-boot-core/5.4.7/rpc-sofa-boot-core-5.4.7.jar:/Users/yuanshaopeng/.m2/repository/org/apache/curator/curator-client/2.9.1/curator-client-2.9.1.jar:/Users/yuanshaopeng/.m2/repository/org/apache/zookeeper/zookeeper/3.4.6/zookeeper-3.4.6.jar:/Users/yuanshaopeng/.m2/repository/jline/jline/0.9.94/jline-0.9.94.jar:/Users/yuanshaopeng/.m2/repository/io/netty/netty/3.7.0.Final/netty-3.7.0.Final.jar:/Users/yuanshaopeng/.m2/repository/org/apache/curator/curator-framework/2.9.1/curator-framework-2.9.1.jar:/Users/yuanshaopeng/.m2/repository/org/apache/curator/curator-recipes/2.9.1/curator-recipes-2.9.1.jar:/Users/yuanshaopeng/.m2/repository/org/jboss/resteasy/resteasy-jackson-provider/3.0.12.Final/resteasy-jackson-provider-3.0.12.Final.jar:/Users/yuanshaopeng/.m2/repository/org/codehaus/jackson/jackson-core-asl/1.9.12/jackson-core-asl-1.9.12.jar:/Users/yuanshaopeng/.m2/repository/org/codehaus/jackson/jackson-mapper-asl/1.9.12/jackson-mapper-asl-1.9.12.jar:/Users/yuanshaopeng/.m2/repository/org/codehaus/jackson/jackson-jaxrs/1.9.12/jackson-jaxrs-1.9.12.jar:/Users/yuanshaopeng/.m2/repository/org/codehaus/jackson/jackson-xc/1.9.12/jackson-xc-1.9.12.jar:/Users/yuanshaopeng/.m2/repository/org/jboss/resteasy/resteasy-netty4/3.0.12.Final/resteasy-netty4-3.0.12.Final.jar:/Users/yuanshaopeng/.m2/repository/org/jboss/resteasy/jaxrs-api/3.0.12.Final/jaxrs-api-3.0.12.Final.jar:/Users/yuanshaopeng/.m2/repository/com/alibaba/dubbo/2.4.10/dubbo-2.4.10.jar:/Users/yuanshaopeng/.m2/repository/org/jboss/netty/netty/3.2.5.Final/netty-3.2.5.Final.jar:/Users/yuanshaopeng/.m2/repository/com/101tec/zkclient/0.10/zkclient-0.10.jar:/Users/yuanshaopeng/.m2/repository/org/springframework/boot/spring-boot-starter-web/1.5.16.RELEASE/spring-boot-starter-web-1.5.16.RELEASE.jar:/Users/yuanshaopeng/.m2/repository/org/springframework/boot/spring-boot-starter/1.5.16.RELEASE/spring-boot-starter-1.5.16.RELEASE.jar:/Users/yuanshaopeng/.m2/repository/org/yaml/snakeyaml/1.17/snakeyaml-1.17.jar:/Users/yuanshaopeng/.m2/repository/org/springframework/boot/spring-boot-starter-tomcat/1.5.16.RELEASE/spring-boot-starter-tomcat-1.5.16.RELEASE.jar:/Users/yuanshaopeng/.m2/repository/org/apache/tomcat/embed/tomcat-embed-core/8.5.34/tomcat-embed-core-8.5.34.jar:/Users/yuanshaopeng/.m2/repository/org/apache/tomcat/tomcat-annotations-api/8.5.34/tomcat-annotations-api-8.5.34.jar:/Users/yuanshaopeng/.m2/repository/org/apache/tomcat/embed/tomcat-embed-el/8.5.34/tomcat-embed-el-8.5.34.jar:/Users/yuanshaopeng/.m2/repository/org/apache/tomcat/embed/tomcat-embed-websocket/8.5.34/tomcat-embed-websocket-8.5.34.jar:/Users/yuanshaopeng/.m2/repository/org/hibernate/hibernate-validator/5.3.6.Final/hibernate-validator-5.3.6.Final.jar:/Users/yuanshaopeng/.m2/repository/javax/validation/validation-api/1.1.0.Final/validation-api-1.1.0.Final.jar:/Users/yuanshaopeng/.m2/repository/org/jboss/logging/jboss-logging/3.3.2.Final/jboss-logging-3.3.2.Final.jar:/Users/yuanshaopeng/.m2/repository/com/fasterxml/classmate/1.3.4/classmate-1.3.4.jar:/Users/yuanshaopeng/.m2/repository/com/fasterxml/jackson/core/jackson-databind/2.8.11.2/jackson-databind-2.8.11.2.jar:/Users/yuanshaopeng/.m2/repository/com/fasterxml/jackson/core/jackson-annotations/2.8.0/jackson-annotations-2.8.0.jar:/Users/yuanshaopeng/.m2/repository/com/fasterxml/jackson/core/jackson-core/2.8.11/jackson-core-2.8.11.jar:/Users/yuanshaopeng/.m2/repository/org/springframework/spring-web/4.3.19.RELEASE/spring-web-4.3.19.RELEASE.jar:/Users/yuanshaopeng/.m2/repository/org/springframework/spring-webmvc/4.3.19.RELEASE/spring-webmvc-4.3.19.RELEASE.jar:/Users/yuanshaopeng/.m2/repository/org/springframework/boot/spring-boot-starter-logging/1.5.16.RELEASE/spring-boot-starter-logging-1.5.16.RELEASE.jar:/Users/yuanshaopeng/.m2/repository/ch/qos/logback/logback-classic/1.1.11/logback-classic-1.1.11.jar:/Users/yuanshaopeng/.m2/repository/ch/qos/logback/logback-core/1.1.11/logback-core-1.1.11.jar:/Users/yuanshaopeng/.m2/repository/org/slf4j/jcl-over-slf4j/1.7.25/jcl-over-slf4j-1.7.25.jar:/Users/yuanshaopeng/.m2/repository/org/slf4j/jul-to-slf4j/1.7.25/jul-to-slf4j-1.7.25.jar:/Users/yuanshaopeng/.m2/repository/org/springframework/boot/spring-boot-starter-test/1.5.16.RELEASE/spring-boot-starter-test-1.5.16.RELEASE.jar:/Users/yuanshaopeng/.m2/repository/org/springframework/boot/spring-boot-test/1.5.16.RELEASE/spring-boot-test-1.5.16.RELEASE.jar:/Users/yuanshaopeng/.m2/repository/org/springframework/boot/spring-boot-test-autoconfigure/1.5.16.RELEASE/spring-boot-test-autoconfigure-1.5.16.RELEASE.jar:/Users/yuanshaopeng/.m2/repository/com/jayway/jsonpath/json-path/2.2.0/json-path-2.2.0.jar:/Users/yuanshaopeng/.m2/repository/net/minidev/json-smart/2.2.1/json-smart-2.2.1.jar:/Users/yuanshaopeng/.m2/repository/net/minidev/accessors-smart/1.1/accessors-smart-1.1.jar:/Users/yuanshaopeng/.m2/repository/org/ow2/asm/asm/5.0.3/asm-5.0.3.jar:/Users/yuanshaopeng/.m2/repository/junit/junit/4.12/junit-4.12.jar:/Users/yuanshaopeng/.m2/repository/org/assertj/assertj-core/2.6.0/assertj-core-2.6.0.jar:/Users/yuanshaopeng/.m2/repository/org/mockito/mockito-core/1.10.19/mockito-core-1.10.19.jar:/Users/yuanshaopeng/.m2/repository/org/objenesis/objenesis/2.1/objenesis-2.1.jar:/Users/yuanshaopeng/.m2/repository/org/hamcrest/hamcrest-core/1.3/hamcrest-core-1.3.jar:/Users/yuanshaopeng/.m2/repository/org/hamcrest/hamcrest-library/1.3/hamcrest-library-1.3.jar:/Users/yuanshaopeng/.m2/repository/org/skyscreamer/jsonassert/1.4.0/jsonassert-1.4.0.jar:/Users/yuanshaopeng/.m2/repository/com/vaadin/external/google/android-json/0.0.20131108.vaadin1/android-json-0.0.20131108.vaadin1.jar:/Users/yuanshaopeng/.m2/repository/org/springframework/spring-test/4.3.19.RELEASE/spring-test-4.3.19.RELEASE.jar:/Users/yuanshaopeng/.m2/repository/com/alipay/sofa/tracer-sofa-boot-starter/2.2.3/tracer-sofa-boot-starter-2.2.3.jar:/Users/yuanshaopeng/.m2/repository/com/alipay/sofa/tracer-core/2.2.3/tracer-core-2.2.3.jar:/Users/yuanshaopeng/.m2/repository/io/opentracing/opentracing-api/0.22.0/opentracing-api-0.22.0.jar:/Users/yuanshaopeng/.m2/repository/io/opentracing/opentracing-noop/0.22.0/opentracing-noop-0.22.0.jar:/Users/yuanshaopeng/.m2/repository/io/opentracing/opentracing-mock/0.22.0/opentracing-mock-0.22.0.jar:/Users/yuanshaopeng/.m2/repository/io/opentracing/opentracing-util/0.22.0/opentracing-util-0.22.0.jar:/Users/yuanshaopeng/.m2/repository/com/alipay/sofa/tracer-extensions/2.2.3/tracer-extensions-2.2.3.jar:/Users/yuanshaopeng/.m2/repository/com/alipay/sofa/sofa-tracer-springmvc-plugin/2.2.3/sofa-tracer-springmvc-plugin-2.2.3.jar:/Users/yuanshaopeng/.m2/repository/com/alipay/sofa/sofa-tracer-httpclient-plugin/2.2.3/sofa-tracer-httpclient-plugin-2.2.3.jar:/Users/yuanshaopeng/.m2/repository/org/springframework/boot/spring-boot/1.5.16.RELEASE/spring-boot-1.5.16.RELEASE.jar:/Users/yuanshaopeng/.m2/repository/com/alipay/sofa/infra-sofa-boot-starter/2.5.2/infra-sofa-boot-starter-2.5.2.jar:/Users/yuanshaopeng/.m2/repository/com/alipay/sofa/sofa-tracer-datasource-plugin/2.2.3/sofa-tracer-datasource-plugin-2.2.3.jar:/Users/yuanshaopeng/.m2/repository/org/slf4j/slf4j-api/1.7.25/slf4j-api-1.7.25.jar:/Users/yuanshaopeng/.m2/repository/io/zipkin/zipkin2/zipkin/2.11.3/zipkin-2.11.3.jar:/Users/yuanshaopeng/.m2/repository/io/zipkin/reporter2/zipkin-reporter/2.7.7/zipkin-reporter-2.7.7.jar:/Users/yuanshaopeng/.m2/repository/com/alipay/sofa/lookout/lookout-sofa-boot-starter/1.5.0/lookout-sofa-boot-starter-1.5.0.jar:/Users/yuanshaopeng/.m2/repository/com/alipay/sofa/lookout/lookout-client/1.5.0/lookout-client-1.5.0.jar:/Users/yuanshaopeng/.m2/repository/com/alipay/sofa/lookout/lookout-ext-jvm/1.5.0/lookout-ext-jvm-1.5.0.jar:/Users/yuanshaopeng/.m2/repository/com/alipay/sofa/lookout/lookout-ext-os/1.5.0/lookout-ext-os-1.5.0.jar:/Users/yuanshaopeng/.m2/repository/com/alipay/sofa/lookout/lookout-reg-server/1.5.0/lookout-reg-server-1.5.0.jar:/Users/yuanshaopeng/.m2/repository/org/xerial/snappy/snappy-java/1.1.2.6/snappy-java-1.1.2.6.jar:/Users/yuanshaopeng/.m2/repository/org/apache/httpcomponents/httpclient/4.5.6/httpclient-4.5.6.jar:/Users/yuanshaopeng/.m2/repository/org/apache/httpcomponents/httpcore/4.4.10/httpcore-4.4.10.jar:/Users/yuanshaopeng/.m2/repository/commons-lang/commons-lang/2.6/commons-lang-2.6.jar:/Users/yuanshaopeng/.m2/repository/com/alipay/sofa/lookout/lookout-reg-prometheus/1.5.0/lookout-reg-prometheus-1.5.0.jar:/Users/yuanshaopeng/.m2/repository/com/alipay/sofa/lookout/lookout-core/1.5.0/lookout-core-1.5.0.jar:/Users/yuanshaopeng/.m2/repository/com/alipay/sofa/lookout/lookout-common/1.5.0/lookout-common-1.5.0.jar:/Users/yuanshaopeng/.m2/repository/com/alibaba/fastjson/1.2.50/fastjson-1.2.50.jar:/Users/yuanshaopeng/.m2/repository/org/apache/commons/commons-configuration2/2.1.1/commons-configuration2-2.1.1.jar:/Users/yuanshaopeng/.m2/repository/org/apache/commons/commons-lang3/3.3.2/commons-lang3-3.3.2.jar:/Users/yuanshaopeng/.m2/repository/commons-logging/commons-logging/1.2/commons-logging-1.2.jar:/Users/yuanshaopeng/.m2/repository/com/google/guava/guava/18.0/guava-18.0.jar:/Users/yuanshaopeng/.m2/repository/commons-io/commons-io/2.2/commons-io-2.2.jar:/Users/yuanshaopeng/.m2/repository/com/alipay/sofa/common/sofa-common-tools/1.0.14/sofa-common-tools-1.0.14.jar:/Users/yuanshaopeng/.m2/repository/com/alipay/sofa/healthcheck-enterprise-sofa-boot-starter/2.5.2/healthcheck-enterprise-sofa-boot-starter-2.5.2.jar:/Users/yuanshaopeng/.m2/repository/com/alipay/sofa/healthcheck-sofa-boot-starter/2.5.2/healthcheck-sofa-boot-starter-2.5.2.jar:/Users/yuanshaopeng/.m2/repository/org/springframework/boot/spring-boot-starter-actuator/1.5.16.RELEASE/spring-boot-starter-actuator-1.5.16.RELEASE.jar:/Users/yuanshaopeng/.m2/repository/org/springframework/boot/spring-boot-actuator/1.5.16.RELEASE/spring-boot-actuator-1.5.16.RELEASE.jar:"/>
    <property name="logging.path" value="./logs"/>
    <property name="java.vm.specification.name" value="Java Virtual Machine Specification"/>
    <property name="loggingRoot" value="./logs"/>
    <property name="java.vm.specification.version" value="1.8"/>
    <property name="catalina.home" value="/private/var/folders/7s/swzxftzn49ncvx9_cc3cy9780000gp/T/tomcat.8790550589540242480.8090"/>
    <property name="sun.cpu.endian" value="little"/>
    <property name="sun.os.patch.level" value="unknown"/>
    <property name="java.awt.headless" value="true"/>
    <property name="surefire.test.class.path" value="/Users/yuanshaopeng/Project/sofa-practice-code/sofa-rpc/xingye-sofa-rpc-consumer-parent/app/web/target/test-classes:/Users/yuanshaopeng/Project/sofa-practice-code/sofa-rpc/xingye-sofa-rpc-consumer-parent/app/web/target/classes:/Users/yuanshaopeng/.m2/repository/cloud/provider/bank-sofa-provider-facade/1.0.0/bank-sofa-provider-facade-1.0.0.jar:/Users/yuanshaopeng/Project/sofa-practice-code/sofa-rpc/xingye-sofa-rpc-consumer-parent/app/endpoint/target/bank-sofa-rpc-consumer-endpoint-1.0.0.jar:/Users/yuanshaopeng/.m2/repository/org/springframework/spring-core/4.3.19.RELEASE/spring-core-4.3.19.RELEASE.jar:/Users/yuanshaopeng/.m2/repository/org/springframework/spring-context/4.3.19.RELEASE/spring-context-4.3.19.RELEASE.jar:/Users/yuanshaopeng/.m2/repository/org/springframework/spring-aop/4.3.19.RELEASE/spring-aop-4.3.19.RELEASE.jar:/Users/yuanshaopeng/.m2/repository/org/springframework/spring-beans/4.3.19.RELEASE/spring-beans-4.3.19.RELEASE.jar:/Users/yuanshaopeng/.m2/repository/org/springframework/spring-expression/4.3.19.RELEASE/spring-expression-4.3.19.RELEASE.jar:/Users/yuanshaopeng/.m2/repository/org/springframework/boot/spring-boot-autoconfigure/1.5.16.RELEASE/spring-boot-autoconfigure-1.5.16.RELEASE.jar:/Users/yuanshaopeng/.m2/repository/com/alipay/sofa/rest-enterprise-sofa-boot-starter/2.5.0/rest-enterprise-sofa-boot-starter-2.5.0.jar:/Users/yuanshaopeng/.m2/repository/com/alipay/sofa/sofarest-core/2.5.0/sofarest-core-2.5.0.jar:/Users/yuanshaopeng/.m2/repository/com/alipay/sofa/runtime-enterprise-sofa-boot-starter/2.5.2/runtime-enterprise-sofa-boot-starter-2.5.2.jar:/Users/yuanshaopeng/.m2/repository/com/alipay/sofa/runtime-sofa-boot-starter/2.5.2/runtime-sofa-boot-starter-2.5.2.jar:/Users/yuanshaopeng/.m2/repository/com/alipay/sofa/middleware-namespaces/2.5.2/middleware-namespaces-2.5.2.jar:/Users/yuanshaopeng/.m2/repository/com/alibaba/toolkit/common/toolkit-common-lang/1.0.1/toolkit-common-lang-1.0.1.jar:/Users/yuanshaopeng/.m2/repository/com/alipay/sofa/sofa-cluster/1.5.0/sofa-cluster-1.5.0.jar:/Users/yuanshaopeng/.m2/repository/com/antcloud/antvip/antcloud-antvip-client/1.0.4/antcloud-antvip-client-1.0.4.jar:/Users/yuanshaopeng/.m2/repository/com/antcloud/antvip/antcloud-antvip-common/1.0.4/antcloud-antvip-common-1.0.4.jar:/Users/yuanshaopeng/.m2/repository/commons-codec/commons-codec/1.4/commons-codec-1.4.jar:/Users/yuanshaopeng/.m2/repository/com/alipay/sofa/cloud/sdk-core/0.1/sdk-core-0.1.jar:/Users/yuanshaopeng/.m2/repository/com/alipay/sofa/lookout/lookout-api/1.5.0/lookout-api-1.5.0.jar:/Users/yuanshaopeng/.m2/repository/com/alipay/common/ambush/1.0.13/ambush-1.0.13.jar:/Users/yuanshaopeng/.m2/repository/com/alipay/configserver/config-common/4.3.2.alipay/config-common-4.3.2.alipay.jar:/Users/yuanshaopeng/.m2/repository/com/taobao/configserver/config-client/4.3.2.alipay/config-client-4.3.2.alipay.jar:/Users/yuanshaopeng/.m2/repository/com/taobao/remoting/network.core/1.2.6/network.core-1.2.6.jar:/Users/yuanshaopeng/.m2/repository/com/taobao/remoting/network.service/1.1.2.alipay/network.service-1.1.2.alipay.jar:/Users/yuanshaopeng/.m2/repository/com/alipay/sofa/hessian/3.3.3/hessian-3.3.3.jar:/Users/yuanshaopeng/.m2/repository/com/alipay/common/tracer/2.2.3/tracer-2.2.3.jar:/Users/yuanshaopeng/.m2/repository/com/alipay/common/tracer-biz/1.2.18/tracer-biz-1.2.18.jar:/Users/yuanshaopeng/.m2/repository/com/alipay/common/tracer-manage/1.0.5/tracer-manage-1.0.5.jar:/Users/yuanshaopeng/.m2/repository/com/alipay/sofa/sofa-rest-spring/1.6.16/sofa-rest-spring-1.6.16.jar:/Users/yuanshaopeng/.m2/repository/com/alipay/rest/jaxrs/sofa-fastjson-provider/1.6.16/sofa-fastjson-provider-1.6.16.jar:/Users/yuanshaopeng/.m2/repository/org/jboss/resteasy/resteasy-jaxrs/3.0.12.Final/resteasy-jaxrs-3.0.12.Final.jar:/Users/yuanshaopeng/.m2/repository/org/jboss/spec/javax/annotation/jboss-annotations-api_1.1_spec/1.0.1.Final/jboss-annotations-api_1.1_spec-1.0.1.Final.jar:/Users/yuanshaopeng/.m2/repository/javax/activation/activation/1.1.1/activation-1.1.1.jar:/Users/yuanshaopeng/.m2/repository/net/jcip/jcip-annotations/1.0/jcip-annotations-1.0.jar:/Users/yuanshaopeng/.m2/repository/net/sourceforge/cglib/com.springsource.net.sf.cglib/2.1.3.alipay/com.springsource.net.sf.cglib-2.1.3.alipay.jar:/Users/yuanshaopeng/.m2/repository/org/jboss/resteasy/resteasy-validator-provider-11/3.0.9.Final/resteasy-validator-provider-11-3.0.9.Final.jar:/Users/yuanshaopeng/.m2/repository/javax/el/javax.el-api/2.2.5/javax.el-api-2.2.5.jar:/Users/yuanshaopeng/.m2/repository/org/glassfish/web/javax.el/2.2.6/javax.el-2.2.6.jar:/Users/yuanshaopeng/.m2/repository/com/alipay/sofa/sofa-rest-log/1.6.16/sofa-rest-log-1.6.16.jar:/Users/yuanshaopeng/.m2/repository/com/alipay/sofa/rest/sofa-value-added-provider/1.6.16/sofa-value-added-provider-1.6.16.jar:/Users/yuanshaopeng/.m2/repository/com/alipay/sofa/sofa-rest-common/1.6.16/sofa-rest-common-1.6.16.jar:/Users/yuanshaopeng/.m2/repository/org/apache/velocity/velocity/1.6.2/velocity-1.6.2.jar:/Users/yuanshaopeng/.m2/repository/commons-collections/commons-collections/3.2.2/commons-collections-3.2.2.jar:/Users/yuanshaopeng/.m2/repository/oro/oro/2.0.8/oro-2.0.8.jar:/Users/yuanshaopeng/.m2/repository/com/alipay/sofa/sofa-rest-spi/1.6.16/sofa-rest-spi-1.6.16.jar:/Users/yuanshaopeng/.m2/repository/com/alipay/sofa/sofa-rest-api/1.6.16/sofa-rest-api-1.6.16.jar:/Users/yuanshaopeng/.m2/repository/javax/ws/rs/javax.ws.rs-api/2.0.1/javax.ws.rs-api-2.0.1.jar:/Users/yuanshaopeng/.m2/repository/com/alipay/sofa/sofa-rest-core/1.6.16/sofa-rest-core-1.6.16.jar:/Users/yuanshaopeng/.m2/repository/org/jboss/resteasy/resteasy-multipart-provider/3.0.12.Final/resteasy-multipart-provider-3.0.12.Final.jar:/Users/yuanshaopeng/.m2/repository/org/jboss/resteasy/resteasy-jaxb-provider/3.0.12.Final/resteasy-jaxb-provider-3.0.12.Final.jar:/Users/yuanshaopeng/.m2/repository/com/sun/xml/bind/jaxb-impl/2.2.7/jaxb-impl-2.2.7.jar:/Users/yuanshaopeng/.m2/repository/com/sun/xml/bind/jaxb-core/2.2.7/jaxb-core-2.2.7.jar:/Users/yuanshaopeng/.m2/repository/javax/xml/bind/jaxb-api/2.2.7/jaxb-api-2.2.7.jar:/Users/yuanshaopeng/.m2/repository/com/sun/istack/istack-commons-runtime/2.16/istack-commons-runtime-2.16.jar:/Users/yuanshaopeng/.m2/repository/com/sun/xml/fastinfoset/FastInfoset/1.2.12/FastInfoset-1.2.12.jar:/Users/yuanshaopeng/.m2/repository/javax/xml/bind/jsr173_api/1.0/jsr173_api-1.0.jar:/Users/yuanshaopeng/.m2/repository/javax/mail/mail/1.5.0-b01/mail-1.5.0-b01.jar:/Users/yuanshaopeng/.m2/repository/org/apache/james/apache-mime4j/0.6/apache-mime4j-0.6.jar:/Users/yuanshaopeng/.m2/repository/com/taobao/logstat/logstat-common/1.0.2/logstat-common-1.0.2.jar:/Users/yuanshaopeng/.m2/repository/org/jboss/resteasy/resteasy-client/3.0.12.Final/resteasy-client-3.0.12.Final.jar:/Users/yuanshaopeng/.m2/repository/com/alipay/sofa/sofa-rest-runtime-integration/1.6.16/sofa-rest-runtime-integration-1.6.16.jar:/Users/yuanshaopeng/.m2/repository/com/alipay/cloudengine/util/ce-util-common/4.11.0/ce-util-common-4.11.0.jar:/Users/yuanshaopeng/.m2/repository/com/alipay/sofa/rpc-enterprise-sofa-boot-starter/2.5.2/rpc-enterprise-sofa-boot-starter-2.5.2.jar:/Users/yuanshaopeng/.m2/repository/com/alipay/sofa/rpc-enterprise-core/2.5.2/rpc-enterprise-core-2.5.2.jar:/Users/yuanshaopeng/.m2/repository/com/alipay/sofa/bolt/1.4.6/bolt-1.4.6.jar:/Users/yuanshaopeng/.m2/repository/org/javassist/javassist/3.19.0-GA/javassist-3.19.0-GA.jar:/Users/yuanshaopeng/.m2/repository/io/netty/netty-all/4.1.6.Final/netty-all-4.1.6.Final.jar:/Users/yuanshaopeng/.m2/repository/com/google/inject/guice/3.0/guice-3.0.jar:/Users/yuanshaopeng/.m2/repository/javax/inject/javax.inject/1/javax.inject-1.jar:/Users/yuanshaopeng/.m2/repository/aopalliance/aopalliance/1.0/aopalliance-1.0.jar:/Users/yuanshaopeng/.m2/repository/com/google/inject/extensions/guice-multibindings/3.0/guice-multibindings-3.0.jar:/Users/yuanshaopeng/.m2/repository/com/alipay/antvip/antvip-client/1.0.9/antvip-client-1.0.9.jar:/Users/yuanshaopeng/.m2/repository/com/alipay/antvip/antvip-common/1.0.9/antvip-common-1.0.9.jar:/Users/yuanshaopeng/.m2/repository/com/alipay/sofa/sofa-rpc-enterprise-all/5.4.4/sofa-rpc-enterprise-all-5.4.4.jar:/Users/yuanshaopeng/.m2/repository/com/alipay/sofa/sofa-rpc-all/5.4.7/sofa-rpc-all-5.4.7.jar:/Users/yuanshaopeng/.m2/repository/com/alipay/sofa/sofa-security-util/1.0.2/sofa-security-util-1.0.2.jar:/Users/yuanshaopeng/.m2/repository/com/alipay/security/alipay-security-open/0.0.4/alipay-security-open-0.0.4.jar:/Users/yuanshaopeng/.m2/repository/commons-fileupload/commons-fileupload/1.3.3/commons-fileupload-1.3.3.jar:/Users/yuanshaopeng/.m2/repository/commons-pool/commons-pool/1.3/commons-pool-1.3.jar:/Users/yuanshaopeng/.m2/repository/com/alipay/sofa/registry-client-enterprise-all/5.1.1/registry-client-enterprise-all-5.1.1.jar:/Users/yuanshaopeng/.m2/repository/com/alipay/sofa/registry-client-all/5.1.1/registry-client-all-5.1.1.jar:/Users/yuanshaopeng/.m2/repository/com/taobao/logstat/logstat-client/1.0.2.bugfix/logstat-client-1.0.2.bugfix.jar:/Users/yuanshaopeng/.m2/repository/org/apache/mina/mina-core/1.1.5.bugfix/mina-core-1.1.5.bugfix.jar:/Users/yuanshaopeng/.m2/repository/com/alipay/sofa/rpc-sofa-boot-core/5.4.7/rpc-sofa-boot-core-5.4.7.jar:/Users/yuanshaopeng/.m2/repository/org/apache/curator/curator-client/2.9.1/curator-client-2.9.1.jar:/Users/yuanshaopeng/.m2/repository/org/apache/zookeeper/zookeeper/3.4.6/zookeeper-3.4.6.jar:/Users/yuanshaopeng/.m2/repository/jline/jline/0.9.94/jline-0.9.94.jar:/Users/yuanshaopeng/.m2/repository/io/netty/netty/3.7.0.Final/netty-3.7.0.Final.jar:/Users/yuanshaopeng/.m2/repository/org/apache/curator/curator-framework/2.9.1/curator-framework-2.9.1.jar:/Users/yuanshaopeng/.m2/repository/org/apache/curator/curator-recipes/2.9.1/curator-recipes-2.9.1.jar:/Users/yuanshaopeng/.m2/repository/org/jboss/resteasy/resteasy-jackson-provider/3.0.12.Final/resteasy-jackson-provider-3.0.12.Final.jar:/Users/yuanshaopeng/.m2/repository/org/codehaus/jackson/jackson-core-asl/1.9.12/jackson-core-asl-1.9.12.jar:/Users/yuanshaopeng/.m2/repository/org/codehaus/jackson/jackson-mapper-asl/1.9.12/jackson-mapper-asl-1.9.12.jar:/Users/yuanshaopeng/.m2/repository/org/codehaus/jackson/jackson-jaxrs/1.9.12/jackson-jaxrs-1.9.12.jar:/Users/yuanshaopeng/.m2/repository/org/codehaus/jackson/jackson-xc/1.9.12/jackson-xc-1.9.12.jar:/Users/yuanshaopeng/.m2/repository/org/jboss/resteasy/resteasy-netty4/3.0.12.Final/resteasy-netty4-3.0.12.Final.jar:/Users/yuanshaopeng/.m2/repository/org/jboss/resteasy/jaxrs-api/3.0.12.Final/jaxrs-api-3.0.12.Final.jar:/Users/yuanshaopeng/.m2/repository/com/alibaba/dubbo/2.4.10/dubbo-2.4.10.jar:/Users/yuanshaopeng/.m2/repository/org/jboss/netty/netty/3.2.5.Final/netty-3.2.5.Final.jar:/Users/yuanshaopeng/.m2/repository/com/101tec/zkclient/0.10/zkclient-0.10.jar:/Users/yuanshaopeng/.m2/repository/org/springframework/boot/spring-boot-starter-web/1.5.16.RELEASE/spring-boot-starter-web-1.5.16.RELEASE.jar:/Users/yuanshaopeng/.m2/repository/org/springframework/boot/spring-boot-starter/1.5.16.RELEASE/spring-boot-starter-1.5.16.RELEASE.jar:/Users/yuanshaopeng/.m2/repository/org/yaml/snakeyaml/1.17/snakeyaml-1.17.jar:/Users/yuanshaopeng/.m2/repository/org/springframework/boot/spring-boot-starter-tomcat/1.5.16.RELEASE/spring-boot-starter-tomcat-1.5.16.RELEASE.jar:/Users/yuanshaopeng/.m2/repository/org/apache/tomcat/embed/tomcat-embed-core/8.5.34/tomcat-embed-core-8.5.34.jar:/Users/yuanshaopeng/.m2/repository/org/apache/tomcat/tomcat-annotations-api/8.5.34/tomcat-annotations-api-8.5.34.jar:/Users/yuanshaopeng/.m2/repository/org/apache/tomcat/embed/tomcat-embed-el/8.5.34/tomcat-embed-el-8.5.34.jar:/Users/yuanshaopeng/.m2/repository/org/apache/tomcat/embed/tomcat-embed-websocket/8.5.34/tomcat-embed-websocket-8.5.34.jar:/Users/yuanshaopeng/.m2/repository/org/hibernate/hibernate-validator/5.3.6.Final/hibernate-validator-5.3.6.Final.jar:/Users/yuanshaopeng/.m2/repository/javax/validation/validation-api/1.1.0.Final/validation-api-1.1.0.Final.jar:/Users/yuanshaopeng/.m2/repository/org/jboss/logging/jboss-logging/3.3.2.Final/jboss-logging-3.3.2.Final.jar:/Users/yuanshaopeng/.m2/repository/com/fasterxml/classmate/1.3.4/classmate-1.3.4.jar:/Users/yuanshaopeng/.m2/repository/com/fasterxml/jackson/core/jackson-databind/2.8.11.2/jackson-databind-2.8.11.2.jar:/Users/yuanshaopeng/.m2/repository/com/fasterxml/jackson/core/jackson-annotations/2.8.0/jackson-annotations-2.8.0.jar:/Users/yuanshaopeng/.m2/repository/com/fasterxml/jackson/core/jackson-core/2.8.11/jackson-core-2.8.11.jar:/Users/yuanshaopeng/.m2/repository/org/springframework/spring-web/4.3.19.RELEASE/spring-web-4.3.19.RELEASE.jar:/Users/yuanshaopeng/.m2/repository/org/springframework/spring-webmvc/4.3.19.RELEASE/spring-webmvc-4.3.19.RELEASE.jar:/Users/yuanshaopeng/.m2/repository/org/springframework/boot/spring-boot-starter-logging/1.5.16.RELEASE/spring-boot-starter-logging-1.5.16.RELEASE.jar:/Users/yuanshaopeng/.m2/repository/ch/qos/logback/logback-classic/1.1.11/logback-classic-1.1.11.jar:/Users/yuanshaopeng/.m2/repository/ch/qos/logback/logback-core/1.1.11/logback-core-1.1.11.jar:/Users/yuanshaopeng/.m2/repository/org/slf4j/jcl-over-slf4j/1.7.25/jcl-over-slf4j-1.7.25.jar:/Users/yuanshaopeng/.m2/repository/org/slf4j/jul-to-slf4j/1.7.25/jul-to-slf4j-1.7.25.jar:/Users/yuanshaopeng/.m2/repository/org/springframework/boot/spring-boot-starter-test/1.5.16.RELEASE/spring-boot-starter-test-1.5.16.RELEASE.jar:/Users/yuanshaopeng/.m2/repository/org/springframework/boot/spring-boot-test/1.5.16.RELEASE/spring-boot-test-1.5.16.RELEASE.jar:/Users/yuanshaopeng/.m2/repository/org/springframework/boot/spring-boot-test-autoconfigure/1.5.16.RELEASE/spring-boot-test-autoconfigure-1.5.16.RELEASE.jar:/Users/yuanshaopeng/.m2/repository/com/jayway/jsonpath/json-path/2.2.0/json-path-2.2.0.jar:/Users/yuanshaopeng/.m2/repository/net/minidev/json-smart/2.2.1/json-smart-2.2.1.jar:/Users/yuanshaopeng/.m2/repository/net/minidev/accessors-smart/1.1/accessors-smart-1.1.jar:/Users/yuanshaopeng/.m2/repository/org/ow2/asm/asm/5.0.3/asm-5.0.3.jar:/Users/yuanshaopeng/.m2/repository/junit/junit/4.12/junit-4.12.jar:/Users/yuanshaopeng/.m2/repository/org/assertj/assertj-core/2.6.0/assertj-core-2.6.0.jar:/Users/yuanshaopeng/.m2/repository/org/mockito/mockito-core/1.10.19/mockito-core-1.10.19.jar:/Users/yuanshaopeng/.m2/repository/org/objenesis/objenesis/2.1/objenesis-2.1.jar:/Users/yuanshaopeng/.m2/repository/org/hamcrest/hamcrest-core/1.3/hamcrest-core-1.3.jar:/Users/yuanshaopeng/.m2/repository/org/hamcrest/hamcrest-library/1.3/hamcrest-library-1.3.jar:/Users/yuanshaopeng/.m2/repository/org/skyscreamer/jsonassert/1.4.0/jsonassert-1.4.0.jar:/Users/yuanshaopeng/.m2/repository/com/vaadin/external/google/android-json/0.0.20131108.vaadin1/android-json-0.0.20131108.vaadin1.jar:/Users/yuanshaopeng/.m2/repository/org/springframework/spring-test/4.3.19.RELEASE/spring-test-4.3.19.RELEASE.jar:/Users/yuanshaopeng/.m2/repository/com/alipay/sofa/tracer-sofa-boot-starter/2.2.3/tracer-sofa-boot-starter-2.2.3.jar:/Users/yuanshaopeng/.m2/repository/com/alipay/sofa/tracer-core/2.2.3/tracer-core-2.2.3.jar:/Users/yuanshaopeng/.m2/repository/io/opentracing/opentracing-api/0.22.0/opentracing-api-0.22.0.jar:/Users/yuanshaopeng/.m2/repository/io/opentracing/opentracing-noop/0.22.0/opentracing-noop-0.22.0.jar:/Users/yuanshaopeng/.m2/repository/io/opentracing/opentracing-mock/0.22.0/opentracing-mock-0.22.0.jar:/Users/yuanshaopeng/.m2/repository/io/opentracing/opentracing-util/0.22.0/opentracing-util-0.22.0.jar:/Users/yuanshaopeng/.m2/repository/com/alipay/sofa/tracer-extensions/2.2.3/tracer-extensions-2.2.3.jar:/Users/yuanshaopeng/.m2/repository/com/alipay/sofa/sofa-tracer-springmvc-plugin/2.2.3/sofa-tracer-springmvc-plugin-2.2.3.jar:/Users/yuanshaopeng/.m2/repository/com/alipay/sofa/sofa-tracer-httpclient-plugin/2.2.3/sofa-tracer-httpclient-plugin-2.2.3.jar:/Users/yuanshaopeng/.m2/repository/org/springframework/boot/spring-boot/1.5.16.RELEASE/spring-boot-1.5.16.RELEASE.jar:/Users/yuanshaopeng/.m2/repository/com/alipay/sofa/infra-sofa-boot-starter/2.5.2/infra-sofa-boot-starter-2.5.2.jar:/Users/yuanshaopeng/.m2/repository/com/alipay/sofa/sofa-tracer-datasource-plugin/2.2.3/sofa-tracer-datasource-plugin-2.2.3.jar:/Users/yuanshaopeng/.m2/repository/org/slf4j/slf4j-api/1.7.25/slf4j-api-1.7.25.jar:/Users/yuanshaopeng/.m2/repository/io/zipkin/zipkin2/zipkin/2.11.3/zipkin-2.11.3.jar:/Users/yuanshaopeng/.m2/repository/io/zipkin/reporter2/zipkin-reporter/2.7.7/zipkin-reporter-2.7.7.jar:/Users/yuanshaopeng/.m2/repository/com/alipay/sofa/lookout/lookout-sofa-boot-starter/1.5.0/lookout-sofa-boot-starter-1.5.0.jar:/Users/yuanshaopeng/.m2/repository/com/alipay/sofa/lookout/lookout-client/1.5.0/lookout-client-1.5.0.jar:/Users/yuanshaopeng/.m2/repository/com/alipay/sofa/lookout/lookout-ext-jvm/1.5.0/lookout-ext-jvm-1.5.0.jar:/Users/yuanshaopeng/.m2/repository/com/alipay/sofa/lookout/lookout-ext-os/1.5.0/lookout-ext-os-1.5.0.jar:/Users/yuanshaopeng/.m2/repository/com/alipay/sofa/lookout/lookout-reg-server/1.5.0/lookout-reg-server-1.5.0.jar:/Users/yuanshaopeng/.m2/repository/org/xerial/snappy/snappy-java/1.1.2.6/snappy-java-1.1.2.6.jar:/Users/yuanshaopeng/.m2/repository/org/apache/httpcomponents/httpclient/4.5.6/httpclient-4.5.6.jar:/Users/yuanshaopeng/.m2/repository/org/apache/httpcomponents/httpcore/4.4.10/httpcore-4.4.10.jar:/Users/yuanshaopeng/.m2/repository/commons-lang/commons-lang/2.6/commons-lang-2.6.jar:/Users/yuanshaopeng/.m2/repository/com/alipay/sofa/lookout/lookout-reg-prometheus/1.5.0/lookout-reg-prometheus-1.5.0.jar:/Users/yuanshaopeng/.m2/repository/com/alipay/sofa/lookout/lookout-core/1.5.0/lookout-core-1.5.0.jar:/Users/yuanshaopeng/.m2/repository/com/alipay/sofa/lookout/lookout-common/1.5.0/lookout-common-1.5.0.jar:/Users/yuanshaopeng/.m2/repository/com/alibaba/fastjson/1.2.50/fastjson-1.2.50.jar:/Users/yuanshaopeng/.m2/repository/org/apache/commons/commons-configuration2/2.1.1/commons-configuration2-2.1.1.jar:/Users/yuanshaopeng/.m2/repository/org/apache/commons/commons-lang3/3.3.2/commons-lang3-3.3.2.jar:/Users/yuanshaopeng/.m2/repository/commons-logging/commons-logging/1.2/commons-logging-1.2.jar:/Users/yuanshaopeng/.m2/repository/com/google/guava/guava/18.0/guava-18.0.jar:/Users/yuanshaopeng/.m2/repository/commons-io/commons-io/2.2/commons-io-2.2.jar:/Users/yuanshaopeng/.m2/repository/com/alipay/sofa/common/sofa-common-tools/1.0.14/sofa-common-tools-1.0.14.jar:/Users/yuanshaopeng/.m2/repository/com/alipay/sofa/healthcheck-enterprise-sofa-boot-starter/2.5.2/healthcheck-enterprise-sofa-boot-starter-2.5.2.jar:/Users/yuanshaopeng/.m2/repository/com/alipay/sofa/healthcheck-sofa-boot-starter/2.5.2/healthcheck-sofa-boot-starter-2.5.2.jar:/Users/yuanshaopeng/.m2/repository/org/springframework/boot/spring-boot-starter-actuator/1.5.16.RELEASE/spring-boot-starter-actuator-1.5.16.RELEASE.jar:/Users/yuanshaopeng/.m2/repository/org/springframework/boot/spring-boot-actuator/1.5.16.RELEASE/spring-boot-actuator-1.5.16.RELEASE.jar:"/>
    <property name="java.io.tmpdir" value="/var/folders/7s/swzxftzn49ncvx9_cc3cy9780000gp/T/"/>
    <property name="java.vendor.url.bug" value="http://bugreport.sun.com/bugreport/"/>
    <property name="com.antcloud.mw.secret" value="TyMlUB9uGRMzcc2pG0dMv6xzUXCMA1WI"/>
    <property name="os.arch" value="x86_64"/>
    <property name="java.awt.graphicsenv" value="sun.awt.CGraphicsEnvironment"/>
    <property name="java.ext.dirs" value="/Users/yuanshaopeng/Library/Java/Extensions:/Library/Java/JavaVirtualMachines/jdk1.8.0_181.jdk/Contents/Home/jre/lib/ext:/Library/Java/Extensions:/Network/Library/Java/Extensions:/System/Library/Java/Extensions:/usr/lib/java"/>
    <property name="user.dir" value="/Users/yuanshaopeng/Project/sofa-practice-code/sofa-rpc/xingye-sofa-rpc-consumer-parent/app/web"/>
    <property name="line.separator" value="
"/>
    <property name="java.vm.name" value="Java HotSpot(TM) 64-Bit Server VM"/>
    <property name="com.alipay.instanceid" value="IPYJUBMB231N"/>
    <property name="basedir" value="/Users/yuanshaopeng/Project/sofa-practice-code/sofa-rpc/xingye-sofa-rpc-consumer-parent/app/web"/>
    <property name="file.encoding" value="UTF-8"/>
    <property name="java.specification.version" value="1.8"/>
  </properties>
  <testcase classname="cloud.consumer.web.test.usercase.SofaRestServiceTest" name="testSofaRestGet" time="0.008">
    <error message="Failed to load ApplicationContext" type="java.lang.IllegalStateException">java.lang.IllegalStateException: Failed to load ApplicationContext
	at org.springframework.test.context.cache.DefaultCacheAwareContextLoaderDelegate.loadContext(DefaultCacheAwareContextLoaderDelegate.java:124)
	at org.springframework.test.context.support.DefaultTestContext.getApplicationContext(DefaultTestContext.java:83)
	at org.springframework.test.context.support.DependencyInjectionTestExecutionListener.injectDependencies(DependencyInjectionTestExecutionListener.java:117)
	at org.springframework.test.context.support.DependencyInjectionTestExecutionListener.prepareTestInstance(DependencyInjectionTestExecutionListener.java:83)
	at org.springframework.boot.test.autoconfigure.SpringBootDependencyInjectionTestExecutionListener.prepareTestInstance(SpringBootDependencyInjectionTestExecutionListener.java:44)
	at org.springframework.test.context.TestContextManager.prepareTestInstance(TestContextManager.java:230)
	at org.springframework.test.context.junit4.SpringJUnit4ClassRunner.createTest(SpringJUnit4ClassRunner.java:228)
	at org.springframework.test.context.junit4.SpringJUnit4ClassRunner$1.runReflectiveCall(SpringJUnit4ClassRunner.java:287)
	at org.junit.internal.runners.model.ReflectiveCallable.run(ReflectiveCallable.java:12)
	at org.springframework.test.context.junit4.SpringJUnit4ClassRunner.methodBlock(SpringJUnit4ClassRunner.java:289)
	at org.springframework.test.context.junit4.SpringJUnit4ClassRunner.runChild(SpringJUnit4ClassRunner.java:247)
	at org.springframework.test.context.junit4.SpringJUnit4ClassRunner.runChild(SpringJUnit4ClassRunner.java:94)
	at org.junit.runners.ParentRunner$3.run(ParentRunner.java:290)
	at org.junit.runners.ParentRunner$1.schedule(ParentRunner.java:71)
	at org.junit.runners.ParentRunner.runChildren(ParentRunner.java:288)
	at org.junit.runners.ParentRunner.access$000(ParentRunner.java:58)
	at org.junit.runners.ParentRunner$2.evaluate(ParentRunner.java:268)
	at org.springframework.test.context.junit4.statements.RunBeforeTestClassCallbacks.evaluate(RunBeforeTestClassCallbacks.java:61)
	at org.springframework.test.context.junit4.statements.RunAfterTestClassCallbacks.evaluate(RunAfterTestClassCallbacks.java:70)
	at org.junit.runners.ParentRunner.run(ParentRunner.java:363)
	at org.springframework.test.context.junit4.SpringJUnit4ClassRunner.run(SpringJUnit4ClassRunner.java:191)
	at org.apache.maven.surefire.junit4.JUnit4TestSet.execute(JUnit4TestSet.java:53)
	at org.apache.maven.surefire.junit4.JUnit4Provider.executeTestSet(JUnit4Provider.java:119)
	at org.apache.maven.surefire.junit4.JUnit4Provider.invoke(JUnit4Provider.java:101)
	at sun.reflect.NativeMethodAccessorImpl.invoke0(Native Method)
	at sun.reflect.NativeMethodAccessorImpl.invoke(NativeMethodAccessorImpl.java:62)
	at sun.reflect.DelegatingMethodAccessorImpl.invoke(DelegatingMethodAccessorImpl.java:43)
	at java.lang.reflect.Method.invoke(Method.java:498)
	at org.apache.maven.surefire.booter.ProviderFactory$ClassLoaderProxy.invoke(ProviderFactory.java:103)
	at com.sun.proxy.$Proxy0.invoke(Unknown Source)
	at org.apache.maven.surefire.booter.SurefireStarter.invokeProvider(SurefireStarter.java:150)
	at org.apache.maven.surefire.booter.SurefireStarter.runSuitesInProcess(SurefireStarter.java:91)
	at org.apache.maven.surefire.booter.ForkedBooter.main(ForkedBooter.java:69)
Caused by: org.springframework.beans.factory.UnsatisfiedDependencyException: Error creating bean with name &apos;RPCCallerController&apos;: Unsatisfied dependency expressed through field &apos;callerService&apos;; nested exception is org.springframework.beans.factory.BeanCreationException: Error creating bean with name &apos;callerService&apos;: Invocation of init method failed; nested exception is java.lang.IllegalArgumentException: Found more than one binding in &lt;sofa:reference/&gt;, &lt;sofa:reference/&gt; can only have one binding.
	at org.springframework.beans.factory.annotation.AutowiredAnnotationBeanPostProcessor$AutowiredFieldElement.inject(AutowiredAnnotationBeanPostProcessor.java:588)
	at org.springframework.beans.factory.annotation.InjectionMetadata.inject(InjectionMetadata.java:87)
	at org.springframework.beans.factory.annotation.AutowiredAnnotationBeanPostProcessor.postProcessPropertyValues(AutowiredAnnotationBeanPostProcessor.java:366)
	at org.springframework.beans.factory.support.AbstractAutowireCapableBeanFactory.populateBean(AbstractAutowireCapableBeanFactory.java:1269)
	at org.springframework.beans.factory.support.AbstractAutowireCapableBeanFactory.doCreateBean(AbstractAutowireCapableBeanFactory.java:551)
	at org.springframework.beans.factory.support.AbstractAutowireCapableBeanFactory.createBean(AbstractAutowireCapableBeanFactory.java:481)
	at org.springframework.beans.factory.support.AbstractBeanFactory$1.getObject(AbstractBeanFactory.java:312)
	at org.springframework.beans.factory.support.DefaultSingletonBeanRegistry.getSingleton(DefaultSingletonBeanRegistry.java:230)
	at org.springframework.beans.factory.support.AbstractBeanFactory.doGetBean(AbstractBeanFactory.java:308)
	at org.springframework.beans.factory.support.AbstractBeanFactory.getBean(AbstractBeanFactory.java:197)
	at org.springframework.beans.factory.support.DefaultListableBeanFactory.preInstantiateSingletons(DefaultListableBeanFactory.java:761)
	at org.springframework.context.support.AbstractApplicationContext.finishBeanFactoryInitialization(AbstractApplicationContext.java:867)
	at org.springframework.context.support.AbstractApplicationContext.refresh(AbstractApplicationContext.java:543)
	at org.springframework.boot.context.embedded.EmbeddedWebApplicationContext.refresh(EmbeddedWebApplicationContext.java:122)
	at org.springframework.boot.SpringApplication.refresh(SpringApplication.java:693)
	at org.springframework.boot.SpringApplication.refreshContext(SpringApplication.java:360)
	at org.springframework.boot.SpringApplication.run(SpringApplication.java:303)
	at org.springframework.boot.test.context.SpringBootContextLoader.loadContext(SpringBootContextLoader.java:121)
	at org.springframework.test.context.cache.DefaultCacheAwareContextLoaderDelegate.loadContextInternal(DefaultCacheAwareContextLoaderDelegate.java:98)
	at org.springframework.test.context.cache.DefaultCacheAwareContextLoaderDelegate.loadContext(DefaultCacheAwareContextLoaderDelegate.java:116)
	... 32 more
Caused by: org.springframework.beans.factory.BeanCreationException: Error creating bean with name &apos;callerService&apos;: Invocation of init method failed; nested exception is java.lang.IllegalArgumentException: Found more than one binding in &lt;sofa:reference/&gt;, &lt;sofa:reference/&gt; can only have one binding.
	at org.springframework.beans.factory.support.AbstractAutowireCapableBeanFactory.initializeBean(AbstractAutowireCapableBeanFactory.java:1631)
	at org.springframework.beans.factory.support.AbstractAutowireCapableBeanFactory.doCreateBean(AbstractAutowireCapableBeanFactory.java:553)
	at org.springframework.beans.factory.support.AbstractAutowireCapableBeanFactory.createBean(AbstractAutowireCapableBeanFactory.java:481)
	at org.springframework.beans.factory.support.AbstractBeanFactory$1.getObject(AbstractBeanFactory.java:312)
	at org.springframework.beans.factory.support.DefaultSingletonBeanRegistry.getSingleton(DefaultSingletonBeanRegistry.java:230)
	at org.springframework.beans.factory.support.AbstractBeanFactory.doGetBean(AbstractBeanFactory.java:308)
	at org.springframework.beans.factory.support.AbstractBeanFactory.getBean(AbstractBeanFactory.java:202)
	at org.springframework.beans.factory.config.DependencyDescriptor.resolveCandidate(DependencyDescriptor.java:208)
	at org.springframework.beans.factory.support.DefaultListableBeanFactory.doResolveDependency(DefaultListableBeanFactory.java:1136)
	at org.springframework.beans.factory.support.DefaultListableBeanFactory.resolveDependency(DefaultListableBeanFactory.java:1064)
	at org.springframework.beans.factory.annotation.AutowiredAnnotationBeanPostProcessor$AutowiredFieldElement.inject(AutowiredAnnotationBeanPostProcessor.java:585)
	... 51 more
Caused by: java.lang.IllegalArgumentException: Found more than one binding in &lt;sofa:reference/&gt;, &lt;sofa:reference/&gt; can only have one binding.
	at org.springframework.util.Assert.isTrue(Assert.java:92)
	at com.alipay.sofa.runtime.spring.factory.ReferenceFactoryBean.doAfterPropertiesSet(ReferenceFactoryBean.java:49)
	at com.alipay.sofa.runtime.spring.factory.AbstractContractFactoryBean.afterPropertiesSet(AbstractContractFactoryBean.java:96)
	at org.springframework.beans.factory.support.AbstractAutowireCapableBeanFactory.invokeInitMethods(AbstractAutowireCapableBeanFactory.java:1689)
	at org.springframework.beans.factory.support.AbstractAutowireCapableBeanFactory.initializeBean(AbstractAutowireCapableBeanFactory.java:1627)
	... 61 more
</error>
  </testcase>
</testsuite>